
26 "number of signals after reading design file"

"sig    sig    sig pair blk fan                       PT xor sync"
"num   name   type  sig num out             pin node cnt  PT type"
"---   ----   ---- ---- --- ---             --- ---- --- --- ----"

 158       RAM1  0        3   0              -1   -1   3   0   21
 165        MWR  0        1   0              -1   -1   1   0   21
 164        MRD  0        1   0              -1   -1   1   0   21
 163        RTC  0        3   0              -1   -1   1   0   21
 162       VIA2  0        0   0              -1   -1   1   0   21
 161       VIA1  0        2   0              -1   -1   1   0   21
 160      DUART  0        0   0              -1   -1   1   0   21
 159       RAM2  0        0   0              -1   -1   1   0   21
 157        ROM  0        2   0              -1   -1   1   0   21
  10        CLK  1   -1  -1   1     1        10   -1
 155        A19  1   -1  -1   3  0     2  3  -1   -1
 154        A18  1   -1  -1   3  0     2  3  -1   -1
 153        A17  1   -1  -1   3  0     2  3  -1   -1
 152        A16  1   -1  -1   3  0     2  3  -1   -1
 151        A15  1   -1  -1   3  0     2  3  -1   -1
 150        A14  1   -1  -1   3  0     2  3  -1   -1
 149        A13  1   -1  -1   3  0     2  3  -1   -1
 148        A12  1   -1  -1   3  0     2  3  -1   -1
 147        A11  1   -1  -1   3  0     2  3  -1   -1
 146        A10  1   -1  -1   3  0     2  3  -1   -1
 145         A9  1   -1  -1   3  0     2  3  -1   -1
 144         A8  1   -1  -1   3  0     2  3  -1   -1
 143         A7  1   -1  -1   3  0     2  3  -1   -1
 142         A6  1   -1  -1   3  0     2  3  -1   -1
 141         A5  1   -1  -1   3  0     2  3  -1   -1
 156         RW  1   -1  -1   1     1        -1   -1